[2019-07-10 15:23:14] auto-update.NOTICE: Checking for a new update... [] []
[2019-07-10 15:23:14] auto-update.DEBUG: Get new updates from https://www.phpcrudgenerator.com/server-update/update.json [] []
[2019-07-10 15:23:14] auto-update.DEBUG: No new version available [] []
[2019-11-29 15:03:08] auto-update.NOTICE: Checking for a new update... [] []
[2019-11-29 15:03:08] auto-update.DEBUG: Get new updates from https://www.phpcrudgenerator.com/server-update/update.json [] []
[2019-11-29 15:03:10] auto-update.DEBUG: No new version available [] []
[2019-11-29 15:06:09] auto-update.NOTICE: Checking for a new update... [] []
[2019-11-29 15:06:09] auto-update.DEBUG: Got updates from cache [] []
[2019-11-29 15:06:09] auto-update.DEBUG: No new version available [] []
[2019-11-29 15:07:10] auto-update.NOTICE: Checking for a new update... [] []
[2019-11-29 15:07:10] auto-update.DEBUG: Got updates from cache [] []
[2019-11-29 15:07:10] auto-update.DEBUG: No new version available [] []
[2019-11-29 16:00:23] auto-update.NOTICE: Checking for a new update... [] []
[2019-11-29 16:00:23] auto-update.DEBUG: Got updates from cache [] []
[2019-11-29 16:00:23] auto-update.DEBUG: No new version available [] []
[2019-11-29 16:00:29] auto-update.NOTICE: Checking for a new update... [] []
[2019-11-29 16:00:29] auto-update.DEBUG: Got updates from cache [] []
[2019-11-29 16:00:29] auto-update.DEBUG: No new version available [] []
[2019-11-29 16:02:12] auto-update.NOTICE: Checking for a new update... [] []
[2019-11-29 16:02:12] auto-update.DEBUG: Got updates from cache [] []
[2019-11-29 16:02:12] auto-update.DEBUG: No new version available [] []
[2019-11-29 16:04:52] auto-update.NOTICE: Checking for a new update... [] []
[2019-11-29 16:04:52] auto-update.DEBUG: Get new updates from https://www.phpcrudgenerator.com/server-update/update.json [] []
[2019-11-29 16:04:52] auto-update.DEBUG: No new version available [] []
[2024-10-03T18:46:26.085373+00:00] default.NOTICE: Checking for a new update... [] []
[2024-10-03T18:46:26.088571+00:00] default.DEBUG: Get new updates from https://www.phpcrudgenerator.com/server-update-v2/update.json [] []
[2024-10-03T18:46:26.954802+00:00] default.DEBUG: New version "2.3.9" available [] []
[2024-10-03T18:49:03.781157+00:00] default.NOTICE: Checking for a new update... [] []
[2024-10-03T18:49:03.788475+00:00] default.DEBUG: Got updates from cache [] []
[2024-10-03T18:49:03.790391+00:00] default.DEBUG: New version "2.3.9" available [] []
[2024-10-03T18:49:54.289659+00:00] default.NOTICE: Checking for a new update... [] []
[2024-10-03T18:49:54.291877+00:00] default.DEBUG: Got updates from cache [] []
[2024-10-03T18:49:54.293105+00:00] default.DEBUG: New version "2.3.9" available [] []
[2024-10-03T18:50:52.230613+00:00] default.NOTICE: Checking for a new update... [] []
[2024-10-03T18:50:52.232988+00:00] default.DEBUG: Got updates from cache [] []
[2024-10-03T18:50:52.234230+00:00] default.DEBUG: New version "2.3.9" available [] []
[2024-10-03T18:52:26.135212+00:00] default.NOTICE: Checking for a new update... [] []
[2024-10-03T18:52:26.137403+00:00] default.DEBUG: Got updates from cache [] []
[2024-10-03T18:52:26.138635+00:00] default.DEBUG: New version "2.3.9" available [] []
[2024-10-03T18:53:07.893249+00:00] default.NOTICE: Checking for a new update... [] []
[2024-10-03T18:53:07.895406+00:00] default.DEBUG: Got updates from cache [] []
[2024-10-03T18:53:07.896569+00:00] default.DEBUG: New version "2.3.9" available [] []
[2024-10-03T18:53:30.925478+00:00] default.NOTICE: Checking for a new update... [] []
[2024-10-03T18:53:30.927298+00:00] default.DEBUG: Got updates from cache [] []
[2024-10-03T18:53:30.928362+00:00] default.DEBUG: New version "2.3.9" available [] []
[2024-10-03T18:53:40.502704+00:00] default.NOTICE: Checking for a new update... [] []
[2024-10-03T18:53:40.505647+00:00] default.DEBUG: Got updates from cache [] []
[2024-10-03T18:53:40.506678+00:00] default.DEBUG: New version "2.3.9" available [] []
[2024-10-03T18:55:06.579288+00:00] default.NOTICE: Checking for a new update... [] []
[2024-10-03T18:55:06.581530+00:00] default.DEBUG: Got updates from cache [] []
[2024-10-03T18:55:06.585691+00:00] default.DEBUG: New version "2.3.9" available [] []
[2024-10-03T18:55:13.189710+00:00] default.NOTICE: Checking for a new update... [] []
[2024-10-03T18:55:13.191853+00:00] default.DEBUG: Got updates from cache [] []
[2024-10-03T18:55:13.193063+00:00] default.DEBUG: New version "2.3.9" available [] []
[2024-10-03T18:58:10.811363+00:00] default.NOTICE: Checking for a new update... [] []
[2024-10-03T18:58:10.813546+00:00] default.DEBUG: Got updates from cache [] []
[2024-10-03T18:58:10.814762+00:00] default.DEBUG: New version "2.3.9" available [] []
[2024-10-04T05:25:10.620895+00:00] default.NOTICE: Checking for a new update... [] []
[2024-10-04T05:25:10.628840+00:00] default.DEBUG: Get new updates from https://www.phpcrudgenerator.com/server-update-v2/update.json [] []
[2024-10-04T05:25:11.570500+00:00] default.DEBUG: New version "2.3.9" available [] []
[2024-10-04T05:25:27.667045+00:00] default.NOTICE: Checking for a new update... [] []
[2024-10-04T05:25:27.670800+00:00] default.DEBUG: Got updates from cache [] []
[2024-10-04T05:25:27.672646+00:00] default.DEBUG: New version "2.3.9" available [] []
[2024-10-04T05:26:10.308163+00:00] default.NOTICE: Checking for a new update... [] []
[2024-10-04T05:26:10.311149+00:00] default.DEBUG: Got updates from cache [] []
[2024-10-04T05:26:10.312576+00:00] default.DEBUG: New version "2.3.9" available [] []
[2024-10-04T05:26:15.464722+00:00] default.NOTICE: Checking for a new update... [] []
[2024-10-04T05:26:15.467357+00:00] default.DEBUG: Got updates from cache [] []
[2024-10-04T05:26:15.468789+00:00] default.DEBUG: New version "2.3.9" available [] []
[2024-10-04T05:26:19.681717+00:00] default.NOTICE: Checking for a new update... [] []
[2024-10-04T05:26:19.684509+00:00] default.DEBUG: Got updates from cache [] []
[2024-10-04T05:26:19.687162+00:00] default.DEBUG: New version "2.3.9" available [] []
[2024-10-04T05:26:47.490671+00:00] default.NOTICE: Checking for a new update... [] []
[2024-10-04T05:26:47.493157+00:00] default.DEBUG: Got updates from cache [] []
[2024-10-04T05:26:47.494699+00:00] default.DEBUG: New version "2.3.9" available [] []
[2024-10-04T05:26:53.284140+00:00] default.NOTICE: Checking for a new update... [] []
[2024-10-04T05:26:53.286777+00:00] default.DEBUG: Got updates from cache [] []
[2024-10-04T05:26:53.289410+00:00] default.DEBUG: New version "2.3.9" available [] []
[2024-10-04T05:28:39.399574+00:00] default.NOTICE: Checking for a new update... [] []
[2024-10-04T05:28:39.402195+00:00] default.DEBUG: Got updates from cache [] []
[2024-10-04T05:28:39.403901+00:00] default.DEBUG: New version "2.3.9" available [] []
[2024-10-04T05:29:48.147405+00:00] default.NOTICE: Checking for a new update... [] []
[2024-10-04T05:29:48.153961+00:00] default.DEBUG: Got updates from cache [] []
[2024-10-04T05:29:48.156283+00:00] default.DEBUG: New version "2.3.9" available [] []
[2024-10-04T05:30:11.948052+00:00] default.NOTICE: Checking for a new update... [] []
[2024-10-04T05:30:11.953085+00:00] default.DEBUG: Got updates from cache [] []
[2024-10-04T05:30:11.955407+00:00] default.DEBUG: New version "2.3.9" available [] []
[2024-10-04T05:35:17.332174+00:00] default.NOTICE: Checking for a new update... [] []
[2024-10-04T05:35:17.334538+00:00] default.DEBUG: Got updates from cache [] []
[2024-10-04T05:35:17.335887+00:00] default.DEBUG: New version "2.3.9" available [] []
[2024-10-04T05:35:36.559335+00:00] default.NOTICE: Checking for a new update... [] []
[2024-10-04T05:35:36.562400+00:00] default.DEBUG: Got updates from cache [] []
[2024-10-04T05:35:36.563649+00:00] default.DEBUG: New version "2.3.9" available [] []
[2024-10-04T05:35:57.993104+00:00] default.NOTICE: Checking for a new update... [] []
[2024-10-04T05:35:57.995784+00:00] default.DEBUG: Got updates from cache [] []
[2024-10-04T05:35:57.998806+00:00] default.DEBUG: New version "2.3.9" available [] []
[2024-10-04T05:36:03.504612+00:00] default.NOTICE: Checking for a new update... [] []
[2024-10-04T05:36:03.507300+00:00] default.DEBUG: Got updates from cache [] []
[2024-10-04T05:36:03.508623+00:00] default.DEBUG: New version "2.3.9" available [] []
[2024-10-04T05:36:06.608209+00:00] default.NOTICE: Checking for a new update... [] []
[2024-10-04T05:36:06.611699+00:00] default.DEBUG: Got updates from cache [] []
[2024-10-04T05:36:06.612999+00:00] default.DEBUG: New version "2.3.9" available [] []
[2024-10-04T05:36:40.582675+00:00] default.NOTICE: Checking for a new update... [] []
[2024-10-04T05:36:40.586162+00:00] default.DEBUG: Got updates from cache [] []
[2024-10-04T05:36:40.588277+00:00] default.DEBUG: New version "2.3.9" available [] []
[2024-10-04T05:36:46.788242+00:00] default.NOTICE: Checking for a new update... [] []
[2024-10-04T05:36:46.790927+00:00] default.DEBUG: Got updates from cache [] []
[2024-10-04T05:36:46.792784+00:00] default.DEBUG: New version "2.3.9" available [] []
[2024-10-04T05:37:10.262010+00:00] default.NOTICE: Checking for a new update... [] []
[2024-10-04T05:37:10.263833+00:00] default.DEBUG: Got updates from cache [] []
[2024-10-04T05:37:10.265585+00:00] default.DEBUG: New version "2.3.9" available [] []
[2024-10-04T05:37:16.150715+00:00] default.NOTICE: Checking for a new update... [] []
[2024-10-04T05:37:16.152579+00:00] default.DEBUG: Got updates from cache [] []
[2024-10-04T05:37:16.155252+00:00] default.DEBUG: New version "2.3.9" available [] []
[2024-10-04T05:37:59.951525+00:00] default.NOTICE: Checking for a new update... [] []
[2024-10-04T05:37:59.954848+00:00] default.DEBUG: Got updates from cache [] []
[2024-10-04T05:37:59.957130+00:00] default.DEBUG: New version "2.3.9" available [] []
[2024-10-04T05:38:12.278499+00:00] default.NOTICE: Checking for a new update... [] []
[2024-10-04T05:38:12.281424+00:00] default.DEBUG: Got updates from cache [] []
[2024-10-04T05:38:12.282751+00:00] default.DEBUG: New version "2.3.9" available [] []
[2024-10-04T05:38:23.611701+00:00] default.NOTICE: Checking for a new update... [] []
[2024-10-04T05:38:23.613589+00:00] default.DEBUG: Got updates from cache [] []
[2024-10-04T05:38:23.615182+00:00] default.DEBUG: New version "2.3.9" available [] []
[2024-10-04T05:38:34.267821+00:00] default.NOTICE: Checking for a new update... [] []
[2024-10-04T05:38:34.270161+00:00] default.DEBUG: Got updates from cache [] []
[2024-10-04T05:38:34.271155+00:00] default.DEBUG: New version "2.3.9" available [] []
[2024-10-04T05:39:24.027670+00:00] default.NOTICE: Checking for a new update... [] []
[2024-10-04T05:39:24.030255+00:00] default.DEBUG: Got updates from cache [] []
[2024-10-04T05:39:24.032009+00:00] default.DEBUG: New version "2.3.9" available [] []
[2024-10-04T05:39:41.285336+00:00] default.NOTICE: Checking for a new update... [] []
[2024-10-04T05:39:41.287691+00:00] default.DEBUG: Got updates from cache [] []
[2024-10-04T05:39:41.289060+00:00] default.DEBUG: New version "2.3.9" available [] []
[2024-10-04T05:40:05.142481+00:00] default.NOTICE: Checking for a new update... [] []
[2024-10-04T05:40:05.145029+00:00] default.DEBUG: Got updates from cache [] []
[2024-10-04T05:40:05.146954+00:00] default.DEBUG: New version "2.3.9" available [] []
[2024-10-04T05:40:08.176367+00:00] default.NOTICE: Checking for a new update... [] []
[2024-10-04T05:40:08.178900+00:00] default.DEBUG: Got updates from cache [] []
[2024-10-04T05:40:08.179863+00:00] default.DEBUG: New version "2.3.9" available [] []
[2024-10-04T05:40:31.401286+00:00] default.NOTICE: Checking for a new update... [] []
[2024-10-04T05:40:31.403533+00:00] default.DEBUG: Got updates from cache [] []
[2024-10-04T05:40:31.406557+00:00] default.DEBUG: New version "2.3.9" available [] []
[2024-10-04T05:40:52.877339+00:00] default.NOTICE: Checking for a new update... [] []
[2024-10-04T05:40:52.881147+00:00] default.DEBUG: Got updates from cache [] []
[2024-10-04T05:40:52.884196+00:00] default.DEBUG: New version "2.3.9" available [] []
[2024-10-04T05:41:04.911628+00:00] default.NOTICE: Checking for a new update... [] []
[2024-10-04T05:41:04.913714+00:00] default.DEBUG: Got updates from cache [] []
[2024-10-04T05:41:04.915413+00:00] default.DEBUG: New version "2.3.9" available [] []
[2024-10-04T05:41:50.723604+00:00] default.NOTICE: Checking for a new update... [] []
[2024-10-04T05:41:50.726282+00:00] default.DEBUG: Got updates from cache [] []
[2024-10-04T05:41:50.728097+00:00] default.DEBUG: New version "2.3.9" available [] []
[2024-10-04T05:42:01.535853+00:00] default.NOTICE: Checking for a new update... [] []
[2024-10-04T05:42:01.540349+00:00] default.DEBUG: Got updates from cache [] []
[2024-10-04T05:42:01.541902+00:00] default.DEBUG: New version "2.3.9" available [] []
[2024-10-04T05:42:29.150562+00:00] default.NOTICE: Checking for a new update... [] []
[2024-10-04T05:42:29.156088+00:00] default.DEBUG: Got updates from cache [] []
[2024-10-04T05:42:29.158221+00:00] default.DEBUG: New version "2.3.9" available [] []
[2024-10-04T05:42:38.530404+00:00] default.NOTICE: Checking for a new update... [] []
[2024-10-04T05:42:38.533193+00:00] default.DEBUG: Got updates from cache [] []
[2024-10-04T05:42:38.537952+00:00] default.DEBUG: New version "2.3.9" available [] []
[2024-10-04T05:43:19.869111+00:00] default.NOTICE: Checking for a new update... [] []
[2024-10-04T05:43:19.870941+00:00] default.DEBUG: Got updates from cache [] []
[2024-10-04T05:43:19.872177+00:00] default.DEBUG: New version "2.3.9" available [] []
[2024-10-04T05:43:24.695213+00:00] default.NOTICE: Checking for a new update... [] []
[2024-10-04T05:43:24.699468+00:00] default.DEBUG: Got updates from cache [] []
[2024-10-04T05:43:24.701368+00:00] default.DEBUG: New version "2.3.9" available [] []
[2024-10-04T05:43:54.747064+00:00] default.NOTICE: Checking for a new update... [] []
[2024-10-04T05:43:54.750450+00:00] default.DEBUG: Got updates from cache [] []
[2024-10-04T05:43:54.754268+00:00] default.DEBUG: New version "2.3.9" available [] []
[2024-10-04T05:44:05.004001+00:00] default.NOTICE: Checking for a new update... [] []
[2024-10-04T05:44:05.007859+00:00] default.DEBUG: Got updates from cache [] []
[2024-10-04T05:44:05.009953+00:00] default.DEBUG: New version "2.3.9" available [] []
[2024-10-04T05:46:53.081018+00:00] default.NOTICE: Checking for a new update... [] []
[2024-10-04T05:46:53.084160+00:00] default.DEBUG: Got updates from cache [] []
[2024-10-04T05:46:53.085905+00:00] default.DEBUG: New version "2.3.9" available [] []
[2024-10-04T05:47:24.825619+00:00] default.NOTICE: Checking for a new update... [] []
[2024-10-04T05:47:24.829008+00:00] default.DEBUG: Got updates from cache [] []
[2024-10-04T05:47:24.831123+00:00] default.DEBUG: New version "2.3.9" available [] []
[2024-10-04T05:47:37.952639+00:00] default.NOTICE: Checking for a new update... [] []
[2024-10-04T05:47:37.956472+00:00] default.DEBUG: Got updates from cache [] []
[2024-10-04T05:47:37.958285+00:00] default.DEBUG: New version "2.3.9" available [] []
[2024-10-04T05:48:07.005094+00:00] default.NOTICE: Checking for a new update... [] []
[2024-10-04T05:48:07.007957+00:00] default.DEBUG: Got updates from cache [] []
[2024-10-04T05:48:07.009029+00:00] default.DEBUG: New version "2.3.9" available [] []
[2024-10-04T05:48:25.932814+00:00] default.NOTICE: Checking for a new update... [] []
[2024-10-04T05:48:25.937699+00:00] default.DEBUG: Got updates from cache [] []
[2024-10-04T05:48:25.940279+00:00] default.DEBUG: New version "2.3.9" available [] []
[2024-10-04T05:48:32.658344+00:00] default.NOTICE: Checking for a new update... [] []
[2024-10-04T05:48:32.662467+00:00] default.DEBUG: Got updates from cache [] []
[2024-10-04T05:48:32.664516+00:00] default.DEBUG: New version "2.3.9" available [] []
[2024-10-04T05:49:15.505824+00:00] default.NOTICE: Checking for a new update... [] []
[2024-10-04T05:49:15.508127+00:00] default.DEBUG: Got updates from cache [] []
[2024-10-04T05:49:15.510501+00:00] default.DEBUG: New version "2.3.9" available [] []
[2024-10-04T05:49:22.500022+00:00] default.NOTICE: Checking for a new update... [] []
[2024-10-04T05:49:22.506036+00:00] default.DEBUG: Got updates from cache [] []
[2024-10-04T05:49:22.507779+00:00] default.DEBUG: New version "2.3.9" available [] []
[2024-10-04T05:49:47.996072+00:00] default.NOTICE: Checking for a new update... [] []
[2024-10-04T05:49:47.999302+00:00] default.DEBUG: Got updates from cache [] []
[2024-10-04T05:49:48.000917+00:00] default.DEBUG: New version "2.3.9" available [] []
[2024-10-04T05:50:38.712733+00:00] default.NOTICE: Checking for a new update... [] []
[2024-10-04T05:50:38.715160+00:00] default.DEBUG: Got updates from cache [] []
[2024-10-04T05:50:38.716120+00:00] default.DEBUG: New version "2.3.9" available [] []
[2024-10-04T05:51:26.413219+00:00] default.NOTICE: Checking for a new update... [] []
[2024-10-04T05:51:26.415016+00:00] default.DEBUG: Got updates from cache [] []
[2024-10-04T05:51:26.416531+00:00] default.DEBUG: New version "2.3.9" available [] []
[2024-10-04T05:51:33.015328+00:00] default.NOTICE: Checking for a new update... [] []
[2024-10-04T05:51:33.017187+00:00] default.DEBUG: Got updates from cache [] []
[2024-10-04T05:51:33.018166+00:00] default.DEBUG: New version "2.3.9" available [] []
[2024-10-04T05:51:54.574524+00:00] default.NOTICE: Checking for a new update... [] []
[2024-10-04T05:51:54.576970+00:00] default.DEBUG: Got updates from cache [] []
[2024-10-04T05:51:54.578225+00:00] default.DEBUG: New version "2.3.9" available [] []
[2024-10-04T05:52:08.790954+00:00] default.NOTICE: Checking for a new update... [] []
[2024-10-04T05:52:08.793842+00:00] default.DEBUG: Got updates from cache [] []
[2024-10-04T05:52:08.795096+00:00] default.DEBUG: New version "2.3.9" available [] []
[2024-10-04T05:52:44.606724+00:00] default.NOTICE: Checking for a new update... [] []
[2024-10-04T05:52:44.610083+00:00] default.DEBUG: Got updates from cache [] []
[2024-10-04T05:52:44.612986+00:00] default.DEBUG: New version "2.3.9" available [] []
[2024-10-04T05:52:49.482751+00:00] default.NOTICE: Checking for a new update... [] []
[2024-10-04T05:52:49.485373+00:00] default.DEBUG: Got updates from cache [] []
[2024-10-04T05:52:49.487076+00:00] default.DEBUG: New version "2.3.9" available [] []
[2024-10-04T05:53:44.242631+00:00] default.NOTICE: Checking for a new update... [] []
[2024-10-04T05:53:44.245345+00:00] default.DEBUG: Got updates from cache [] []
[2024-10-04T05:53:44.247044+00:00] default.DEBUG: New version "2.3.9" available [] []
[2024-10-04T05:54:19.295177+00:00] default.NOTICE: Checking for a new update... [] []
[2024-10-04T05:54:19.297477+00:00] default.DEBUG: Got updates from cache [] []
[2024-10-04T05:54:19.298716+00:00] default.DEBUG: New version "2.3.9" available [] []
[2024-10-04T05:54:43.436203+00:00] default.NOTICE: Checking for a new update... [] []
[2024-10-04T05:54:43.438410+00:00] default.DEBUG: Got updates from cache [] []
[2024-10-04T05:54:43.439631+00:00] default.DEBUG: New version "2.3.9" available [] []
[2024-10-04T05:54:48.188789+00:00] default.NOTICE: Checking for a new update... [] []
[2024-10-04T05:54:48.190792+00:00] default.DEBUG: Got updates from cache [] []
[2024-10-04T05:54:48.192837+00:00] default.DEBUG: New version "2.3.9" available [] []
[2024-10-04T05:55:17.789966+00:00] default.NOTICE: Checking for a new update... [] []
[2024-10-04T05:55:17.793907+00:00] default.DEBUG: Got updates from cache [] []
[2024-10-04T05:55:17.798979+00:00] default.DEBUG: New version "2.3.9" available [] []
[2024-10-04T05:55:36.006629+00:00] default.NOTICE: Checking for a new update... [] []
[2024-10-04T05:55:36.008415+00:00] default.DEBUG: Got updates from cache [] []
[2024-10-04T05:55:36.009390+00:00] default.DEBUG: New version "2.3.9" available [] []
[2024-10-04T05:57:57.961760+00:00] default.NOTICE: Checking for a new update... [] []
[2024-10-04T05:57:57.963903+00:00] default.DEBUG: Got updates from cache [] []
[2024-10-04T05:57:57.965222+00:00] default.DEBUG: New version "2.3.9" available [] []
[2024-10-04T05:58:05.812334+00:00] default.NOTICE: Checking for a new update... [] []
[2024-10-04T05:58:05.814042+00:00] default.DEBUG: Got updates from cache [] []
[2024-10-04T05:58:05.814963+00:00] default.DEBUG: New version "2.3.9" available [] []
[2024-10-04T06:18:22.593910+00:00] default.NOTICE: Checking for a new update... [] []
[2024-10-04T06:18:22.597239+00:00] default.DEBUG: Got updates from cache [] []
[2024-10-04T06:18:22.598851+00:00] default.DEBUG: New version "2.3.9" available [] []
[2024-10-04T06:18:29.485231+00:00] default.NOTICE: Checking for a new update... [] []
[2024-10-04T06:18:29.487209+00:00] default.DEBUG: Got updates from cache [] []
[2024-10-04T06:18:29.488152+00:00] default.DEBUG: New version "2.3.9" available [] []
[2024-10-04T06:18:47.885723+00:00] default.NOTICE: Checking for a new update... [] []
[2024-10-04T06:18:47.887705+00:00] default.DEBUG: Got updates from cache [] []
[2024-10-04T06:18:47.889017+00:00] default.DEBUG: New version "2.3.9" available [] []
[2024-10-04T06:18:54.320738+00:00] default.NOTICE: Checking for a new update... [] []
[2024-10-04T06:18:54.322867+00:00] default.DEBUG: Got updates from cache [] []
[2024-10-04T06:18:54.323795+00:00] default.DEBUG: New version "2.3.9" available [] []
[2024-10-04T06:18:59.108661+00:00] default.NOTICE: Checking for a new update... [] []
[2024-10-04T06:18:59.110948+00:00] default.DEBUG: Got updates from cache [] []
[2024-10-04T06:18:59.112676+00:00] default.DEBUG: New version "2.3.9" available [] []
[2024-10-04T06:19:21.051402+00:00] default.NOTICE: Checking for a new update... [] []
[2024-10-04T06:19:21.054608+00:00] default.DEBUG: Got updates from cache [] []
[2024-10-04T06:19:21.057468+00:00] default.DEBUG: New version "2.3.9" available [] []
[2024-10-04T06:19:27.769746+00:00] default.NOTICE: Checking for a new update... [] []
[2024-10-04T06:19:27.772408+00:00] default.DEBUG: Got updates from cache [] []
[2024-10-04T06:19:27.774250+00:00] default.DEBUG: New version "2.3.9" available [] []
[2024-10-11T03:40:15.177115+00:00] default.NOTICE: Checking for a new update... [] []
[2024-10-11T03:40:15.192503+00:00] default.DEBUG: Get new updates from https://www.phpcrudgenerator.com/server-update-v2/update.json [] []
[2024-10-11T03:40:16.219746+00:00] default.DEBUG: New version "2.3.9" available [] []
[2024-10-16T01:46:58.826723+00:00] default.NOTICE: Checking for a new update... [] []
[2024-10-16T01:46:58.833808+00:00] default.DEBUG: Get new updates from https://www.phpcrudgenerator.com/server-update-v2/update.json [] []
[2024-10-16T01:46:59.799175+00:00] default.DEBUG: New version "2.3.9" available [] []
[2024-10-16T01:47:09.340386+00:00] default.NOTICE: Checking for a new update... [] []
[2024-10-16T01:47:09.342435+00:00] default.DEBUG: Got updates from cache [] []
[2024-10-16T01:47:09.343328+00:00] default.DEBUG: New version "2.3.9" available [] []
[2024-10-16T01:47:16.726105+00:00] default.NOTICE: Checking for a new update... [] []
[2024-10-16T01:47:16.727828+00:00] default.DEBUG: Got updates from cache [] []
[2024-10-16T01:47:16.730217+00:00] default.DEBUG: New version "2.3.9" available [] []
[2024-10-16T01:47:27.368501+00:00] default.NOTICE: Checking for a new update... [] []
[2024-10-16T01:47:27.370232+00:00] default.DEBUG: Got updates from cache [] []
[2024-10-16T01:47:27.371115+00:00] default.DEBUG: New version "2.3.9" available [] []
[2024-10-16T01:48:13.356421+00:00] default.NOTICE: Checking for a new update... [] []
[2024-10-16T01:48:13.358631+00:00] default.DEBUG: Got updates from cache [] []
[2024-10-16T01:48:13.359854+00:00] default.DEBUG: New version "2.3.9" available [] []
[2024-10-16T01:48:24.802325+00:00] default.NOTICE: Checking for a new update... [] []
[2024-10-16T01:48:24.804104+00:00] default.DEBUG: Got updates from cache [] []
[2024-10-16T01:48:24.805067+00:00] default.DEBUG: New version "2.3.9" available [] []
[2024-10-16T01:48:28.858056+00:00] default.NOTICE: Checking for a new update... [] []
[2024-10-16T01:48:28.860307+00:00] default.DEBUG: Got updates from cache [] []
[2024-10-16T01:48:28.861627+00:00] default.DEBUG: New version "2.3.9" available [] []
[2024-10-16T01:48:32.148532+00:00] default.NOTICE: Checking for a new update... [] []
[2024-10-16T01:48:32.150304+00:00] default.DEBUG: Got updates from cache [] []
[2024-10-16T01:48:32.151234+00:00] default.DEBUG: New version "2.3.9" available [] []
